  [1m[35m (191.9ms)[0m  [1m[35mCREATE DATABASE "get_pet_development" ENCODING = 'utf8'[0m
  [1m[35m (70.8ms)[0m  [1m[35mCREATE DATABASE "get_pet_test" ENCODING = 'utf8'[0m
  [1m[35m (14.7ms)[0m  [1m[35mCREATE TABLE "schema_migrations" ("version" character varying NOT NULL PRIMARY KEY)[0m
  [1m[35m (3.7ms)[0m  [1m[35mCREATE TABLE "ar_internal_metadata" ("key" character varying NOT NULL PRIMARY KEY, "value" character varying, "created_at" timestamp(6) NOT NULL, "updated_at" timestamp(6) NOT NULL)[0m
  [1m[35m (0.6ms)[0m  [1m[34mSELECT pg_try_advisory_lock(1940758314978187740)[0m
  [1m[35m (0.9ms)[0m  [1m[34mSELECT "schema_migrations"."version" FROM "schema_migrations" ORDER BY "schema_migrations"."version" ASC[0m
Migrating to CreateDogs (20200908211901)
  [1m[35m (0.2ms)[0m  [1m[35mBEGIN[0m
  [1m[35m (8.6ms)[0m  [1m[35mCREATE TABLE "dogs" ("id" bigserial primary key, "name" character varying, "date_of_birth" date, "size_id" character varying, "is_vaccinated" boolean, "is_fixed" boolean, "is_male" boolean, "description" character varying, "created_at" timestamp(6) NOT NULL, "updated_at" timestamp(6) NOT NULL)[0m
  [1m[36mprimary::SchemaMigration Create (2.4ms)[0m  [1m[32mINSERT INTO "schema_migrations" ("version") VALUES ($1) RETURNING "version"[0m  [["version", "20200908211901"]]
  [1m[35m (0.4ms)[0m  [1m[35mCOMMIT[0m
Migrating to CreatePeople (20200908212118)
  [1m[35m (0.4ms)[0m  [1m[35mBEGIN[0m
  [1m[35m (4.9ms)[0m  [1m[35mCREATE TABLE "people" ("id" bigserial primary key, "first_name" character varying, "last_name" character varying, "phone_number" character varying, "email" character varying, "address" character varying, "is_banned" boolean, "date_of_birth" date, "created_at" timestamp(6) NOT NULL, "updated_at" timestamp(6) NOT NULL)[0m
  [1m[36mprimary::SchemaMigration Create (0.4ms)[0m  [1m[32mINSERT INTO "schema_migrations" ("version") VALUES ($1) RETURNING "version"[0m  [["version", "20200908212118"]]
  [1m[35m (0.4ms)[0m  [1m[35mCOMMIT[0m
Migrating to CreateVolunteers (20200908212233)
  [1m[35m (0.4ms)[0m  [1m[35mBEGIN[0m
  [1m[35m (5.7ms)[0m  [1m[35mCREATE TABLE "volunteers" ("id" bigserial primary key, "first_name" character varying, "last_name" character varying, "phone_number" character varying, "email" character varying, "address" character varying, "is_active" boolean, "date_of_birth" date, "created_at" timestamp(6) NOT NULL, "updated_at" timestamp(6) NOT NULL)[0m
  [1m[36mprimary::SchemaMigration Create (0.5ms)[0m  [1m[32mINSERT INTO "schema_migrations" ("version") VALUES ($1) RETURNING "version"[0m  [["version", "20200908212233"]]
  [1m[35m (0.4ms)[0m  [1m[35mCOMMIT[0m
Migrating to CreateBreeds (20200908212323)
  [1m[35m (0.4ms)[0m  [1m[35mBEGIN[0m
  [1m[35m (4.1ms)[0m  [1m[35mCREATE TABLE "breeds" ("id" bigserial primary key, "breed_name" character varying, "created_at" timestamp(6) NOT NULL, "updated_at" timestamp(6) NOT NULL)[0m
  [1m[36mprimary::SchemaMigration Create (0.3ms)[0m  [1m[32mINSERT INTO "schema_migrations" ("version") VALUES ($1) RETURNING "version"[0m  [["version", "20200908212323"]]
  [1m[35m (0.3ms)[0m  [1m[35mCOMMIT[0m
Migrating to CreateSizes (20200908212336)
  [1m[35m (0.9ms)[0m  [1m[35mBEGIN[0m
  [1m[35m (5.6ms)[0m  [1m[35mCREATE TABLE "sizes" ("id" bigserial primary key, "size_name" character varying, "created_at" timestamp(6) NOT NULL, "updated_at" timestamp(6) NOT NULL)[0m
  [1m[36mprimary::SchemaMigration Create (0.7ms)[0m  [1m[32mINSERT INTO "schema_migrations" ("version") VALUES ($1) RETURNING "version"[0m  [["version", "20200908212336"]]
  [1m[35m (0.6ms)[0m  [1m[35mCOMMIT[0m
Migrating to CreateAdoptions (20200908212830)
  [1m[35m (0.4ms)[0m  [1m[35mBEGIN[0m
  [1m[35m (9.0ms)[0m  [1m[35mCREATE TABLE "adoptions" ("id" bigserial primary key, "start_date" date, "end_date_date" character varying, "dog_id_id" bigint NOT NULL, "person_id_id" bigint NOT NULL, "status" character varying, "return_reason" character varying, "rejection_reason" character varying, "created_at" timestamp(6) NOT NULL, "updated_at" timestamp(6) NOT NULL, CONSTRAINT "fk_rails_bc1f3fa9f5"
FOREIGN KEY ("dog_id_id")
  REFERENCES "dog_ids" ("id")
, CONSTRAINT "fk_rails_4288203358"
FOREIGN KEY ("person_id_id")
  REFERENCES "person_ids" ("id")
)[0m
  [1m[35m (0.3ms)[0m  [1m[31mROLLBACK[0m
  [1m[35m (0.5ms)[0m  [1m[34mSELECT pg_advisory_unlock(1940758314978187740)[0m
  [1m[35m (0.5ms)[0m  [1m[35mCREATE DATABASE "get_pet_development" ENCODING = 'utf8'[0m
  [1m[35m (0.6ms)[0m  [1m[35mCREATE DATABASE "get_pet_test" ENCODING = 'utf8'[0m
  [1m[35m (0.3ms)[0m  [1m[34mSELECT pg_try_advisory_lock(1940758314978187740)[0m
  [1m[35m (2.1ms)[0m  [1m[34mSELECT "schema_migrations"."version" FROM "schema_migrations" ORDER BY "schema_migrations"."version" ASC[0m
Migrating to CreateAdoptions (20200908212830)
  [1m[35m (0.3ms)[0m  [1m[35mBEGIN[0m
  [1m[35m (7.6ms)[0m  [1m[35mCREATE TABLE "adoptions" ("id" bigserial primary key, "start_date" date, "end_date_date" character varying, "dog_id_id" bigint NOT NULL, "person_id_id" bigint NOT NULL, "status" character varying, "return_reason" character varying, "rejection_reason" character varying, "created_at" timestamp(6) NOT NULL, "updated_at" timestamp(6) NOT NULL, CONSTRAINT "fk_rails_bc1f3fa9f5"
FOREIGN KEY ("dog_id_id")
  REFERENCES "dog_ids" ("id")
, CONSTRAINT "fk_rails_4288203358"
FOREIGN KEY ("person_id_id")
  REFERENCES "person_ids" ("id")
)[0m
  [1m[35m (0.2ms)[0m  [1m[31mROLLBACK[0m
  [1m[35m (0.4ms)[0m  [1m[34mSELECT pg_advisory_unlock(1940758314978187740)[0m
  [1m[35m (0.3ms)[0m  [1m[34mSELECT pg_try_advisory_lock(1940758314978187740)[0m
  [1m[35m (0.9ms)[0m  [1m[34mSELECT "schema_migrations"."version" FROM "schema_migrations" ORDER BY "schema_migrations"."version" ASC[0m
Migrating to CreateAdoptions (20200908212830)
  [1m[35m (0.2ms)[0m  [1m[35mBEGIN[0m
  [1m[35m (8.4ms)[0m  [1m[35mCREATE TABLE "adoptions" ("id" bigserial primary key, "start_date" date, "end_date_date" character varying, "dog_id_id" bigint NOT NULL, "person_id_id" bigint NOT NULL, "status" character varying, "return_reason" character varying, "rejection_reason" character varying, "created_at" timestamp(6) NOT NULL, "updated_at" timestamp(6) NOT NULL, CONSTRAINT "fk_rails_bc1f3fa9f5"
FOREIGN KEY ("dog_id_id")
  REFERENCES "dog_ids" ("id")
, CONSTRAINT "fk_rails_4288203358"
FOREIGN KEY ("person_id_id")
  REFERENCES "person_ids" ("id")
)[0m
  [1m[35m (0.2ms)[0m  [1m[31mROLLBACK[0m
  [1m[35m (0.3ms)[0m  [1m[34mSELECT pg_advisory_unlock(1940758314978187740)[0m
  [1m[35m (0.3ms)[0m  [1m[34mSELECT pg_try_advisory_lock(1940758314978187740)[0m
  [1m[35m (0.9ms)[0m  [1m[34mSELECT "schema_migrations"."version" FROM "schema_migrations" ORDER BY "schema_migrations"."version" ASC[0m
Migrating to CreateAdoptions (20200908212830)
  [1m[35m (0.3ms)[0m  [1m[35mBEGIN[0m
  [1m[35m (8.4ms)[0m  [1m[35mCREATE TABLE "adoptions" ("id" bigserial primary key, "start_date" date, "end_date_date" character varying, "dog_id" bigint NOT NULL, "person_id" bigint NOT NULL, "status" character varying, "return_reason" character varying, "rejection_reason" character varying, "created_at" timestamp(6) NOT NULL, "updated_at" timestamp(6) NOT NULL, CONSTRAINT "fk_rails_8ed71bdd34"
FOREIGN KEY ("dog_id")
  REFERENCES "dogs" ("id")
, CONSTRAINT "fk_rails_bfd2765dcf"
FOREIGN KEY ("person_id")
  REFERENCES "people" ("id")
)[0m
  [1m[35m (1.2ms)[0m  [1m[35mCREATE  INDEX  "index_adoptions_on_dog_id" ON "adoptions"  ("dog_id")[0m
  [1m[35m (0.9ms)[0m  [1m[35mCREATE  INDEX  "index_adoptions_on_person_id" ON "adoptions"  ("person_id")[0m
  [1m[36mprimary::SchemaMigration Create (1.7ms)[0m  [1m[32mINSERT INTO "schema_migrations" ("version") VALUES ($1) RETURNING "version"[0m  [["version", "20200908212830"]]
  [1m[35m (0.5ms)[0m  [1m[35mCOMMIT[0m
Migrating to CreateImages (20200908213035)
  [1m[35m (0.3ms)[0m  [1m[35mBEGIN[0m
  [1m[35m (5.7ms)[0m  [1m[35mCREATE TABLE "images" ("id" bigserial primary key, "dog_id" bigint NOT NULL, "image_url" character varying, "created_at" timestamp(6) NOT NULL, "updated_at" timestamp(6) NOT NULL, CONSTRAINT "fk_rails_7bae7cba14"
FOREIGN KEY ("dog_id")
  REFERENCES "dogs" ("id")
)[0m
  [1m[35m (1.0ms)[0m  [1m[35mCREATE  INDEX  "index_images_on_dog_id" ON "images"  ("dog_id")[0m
  [1m[36mprimary::SchemaMigration Create (0.3ms)[0m  [1m[32mINSERT INTO "schema_migrations" ("version") VALUES ($1) RETURNING "version"[0m  [["version", "20200908213035"]]
  [1m[35m (0.5ms)[0m  [1m[35mCOMMIT[0m
Migrating to CreateDogBreeds (20200908213309)
  [1m[35m (0.6ms)[0m  [1m[35mBEGIN[0m
  [1m[35m (5.0ms)[0m  [1m[35mCREATE TABLE "dog_breeds" ("id" bigserial primary key, "dog_id" bigint NOT NULL, "breed_id" bigint NOT NULL, "created_at" timestamp(6) NOT NULL, "updated_at" timestamp(6) NOT NULL, CONSTRAINT "fk_rails_fc72a84786"
FOREIGN KEY ("dog_id")
  REFERENCES "dogs" ("id")
, CONSTRAINT "fk_rails_628710bae5"
FOREIGN KEY ("breed_id")
  REFERENCES "breeds" ("id")
)[0m
  [1m[35m (1.1ms)[0m  [1m[35mCREATE  INDEX  "index_dog_breeds_on_dog_id" ON "dog_breeds"  ("dog_id")[0m
  [1m[35m (1.0ms)[0m  [1m[35mCREATE  INDEX  "index_dog_breeds_on_breed_id" ON "dog_breeds"  ("breed_id")[0m
  [1m[36mprimary::SchemaMigration Create (0.3ms)[0m  [1m[32mINSERT INTO "schema_migrations" ("version") VALUES ($1) RETURNING "version"[0m  [["version", "20200908213309"]]
  [1m[35m (0.4ms)[0m  [1m[35mCOMMIT[0m
Migrating to CreateDogVolunteers (20200908213427)
  [1m[35m (0.6ms)[0m  [1m[35mBEGIN[0m
  [1m[35m (7.5ms)[0m  [1m[35mCREATE TABLE "dog_volunteers" ("id" bigserial primary key, "dog_id" bigint NOT NULL, "volunteer_id" bigint NOT NULL, "created_at" timestamp(6) NOT NULL, "updated_at" timestamp(6) NOT NULL, CONSTRAINT "fk_rails_376ad04353"
FOREIGN KEY ("dog_id")
  REFERENCES "dogs" ("id")
, CONSTRAINT "fk_rails_2b29c2362b"
FOREIGN KEY ("volunteer_id")
  REFERENCES "volunteers" ("id")
)[0m
  [1m[35m (1.3ms)[0m  [1m[35mCREATE  INDEX  "index_dog_volunteers_on_dog_id" ON "dog_volunteers"  ("dog_id")[0m
  [1m[35m (1.0ms)[0m  [1m[35mCREATE  INDEX  "index_dog_volunteers_on_volunteer_id" ON "dog_volunteers"  ("volunteer_id")[0m
  [1m[36mprimary::SchemaMigration Create (0.4ms)[0m  [1m[32mINSERT INTO "schema_migrations" ("version") VALUES ($1) RETURNING "version"[0m  [["version", "20200908213427"]]
  [1m[35m (0.5ms)[0m  [1m[35mCOMMIT[0m
  [1m[36mActiveRecord::InternalMetadata Load (0.8ms)[0m  [1m[34mSELECT "ar_internal_metadata".* FROM "ar_internal_metadata" WHERE "ar_internal_metadata"."key" = $1 LIMIT $2[0m  [["key", "environment"], ["LIMIT", 1]]
  [1m[35m (0.3ms)[0m  [1m[35mBEGIN[0m
  [1m[36mActiveRecord::InternalMetadata Create (0.9ms)[0m  [1m[32mINSERT INTO "ar_internal_metadata" ("key", "value", "created_at", "updated_at") VALUES ($1, $2, $3, $4) RETURNING "key"[0m  [["key", "environment"], ["value", "development"], ["created_at", "2020-09-09 14:41:09.839693"], ["updated_at", "2020-09-09 14:41:09.839693"]]
  [1m[35m (0.3ms)[0m  [1m[35mCOMMIT[0m
  [1m[35m (0.4ms)[0m  [1m[34mSELECT pg_advisory_unlock(1940758314978187740)[0m
  [1m[35m (0.9ms)[0m  [1m[34mSELECT "schema_migrations"."version" FROM "schema_migrations" ORDER BY "schema_migrations"."version" ASC[0m
  [1m[35m (0.5ms)[0m  [1m[35mCREATE DATABASE "get_pet_development" ENCODING = 'utf8'[0m
  [1m[35m (1.1ms)[0m  [1m[35mCREATE DATABASE "get_pet_test" ENCODING = 'utf8'[0m
  [1m[35m (0.9ms)[0m  [1m[34mSELECT "schema_migrations"."version" FROM "schema_migrations" ORDER BY "schema_migrations"."version" ASC[0m
  [1m[35m (0.3ms)[0m  [1m[34mSELECT "schema_migrations"."version" FROM "schema_migrations" ORDER BY "schema_migrations"."version" ASC[0m
  [1m[35m (4.1ms)[0m  [1m[34mSELECT "schema_migrations"."version" FROM "schema_migrations" ORDER BY "schema_migrations"."version" ASC[0m
  [1m[35m (0.3ms)[0m  [1m[34mSELECT pg_try_advisory_lock(1940758314978187740)[0m
  [1m[35m (0.3ms)[0m  [1m[34mSELECT "schema_migrations"."version" FROM "schema_migrations" ORDER BY "schema_migrations"."version" ASC[0m
Migrating to CreateDogVolunteers (20200908213427)
  [1m[35m (0.3ms)[0m  [1m[35mBEGIN[0m
  [1m[35m (8.3ms)[0m  [1m[35mDROP TABLE "dog_volunteers"[0m
  [1m[36mprimary::SchemaMigration Destroy (1.4ms)[0m  [1m[31mDELETE FROM "schema_migrations" WHERE "schema_migrations"."version" = $1[0m  [["version", "20200908213427"]]
  [1m[35m (1.9ms)[0m  [1m[35mCOMMIT[0m
  [1m[35m (0.5ms)[0m  [1m[34mSELECT pg_advisory_unlock(1940758314978187740)[0m
  [1m[35m (0.9ms)[0m  [1m[34mSELECT "schema_migrations"."version" FROM "schema_migrations" ORDER BY "schema_migrations"."version" ASC[0m
  [1m[35m (0.9ms)[0m  [1m[34mSELECT "schema_migrations"."version" FROM "schema_migrations" ORDER BY "schema_migrations"."version" ASC[0m
  [1m[35m (0.4ms)[0m  [1m[34mSELECT "schema_migrations"."version" FROM "schema_migrations" ORDER BY "schema_migrations"."version" ASC[0m
  [1m[35m (0.3ms)[0m  [1m[34mSELECT "schema_migrations"."version" FROM "schema_migrations" ORDER BY "schema_migrations"."version" ASC[0m
  [1m[35m (0.4ms)[0m  [1m[34mSELECT pg_try_advisory_lock(1940758314978187740)[0m
  [1m[35m (0.3ms)[0m  [1m[34mSELECT "schema_migrations"."version" FROM "schema_migrations" ORDER BY "schema_migrations"."version" ASC[0m
Migrating to CreateDogBreeds (20200908213309)
  [1m[35m (0.5ms)[0m  [1m[35mBEGIN[0m
  [1m[35m (3.6ms)[0m  [1m[35mDROP TABLE "dog_breeds"[0m
  [1m[36mprimary::SchemaMigration Destroy (0.6ms)[0m  [1m[31mDELETE FROM "schema_migrations" WHERE "schema_migrations"."version" = $1[0m  [["version", "20200908213309"]]
  [1m[35m (1.9ms)[0m  [1m[35mCOMMIT[0m
  [1m[35m (0.4ms)[0m  [1m[34mSELECT pg_advisory_unlock(1940758314978187740)[0m
  [1m[35m (0.8ms)[0m  [1m[34mSELECT "schema_migrations"."version" FROM "schema_migrations" ORDER BY "schema_migrations"."version" ASC[0m
  [1m[35m (0.3ms)[0m  [1m[34mSELECT pg_try_advisory_lock(1940758314978187740)[0m
  [1m[35m (0.8ms)[0m  [1m[34mSELECT "schema_migrations"."version" FROM "schema_migrations" ORDER BY "schema_migrations"."version" ASC[0m
Migrating to CreateDogsBreeds (20200908213309)
  [1m[35m (0.5ms)[0m  [1m[34mSELECT pg_advisory_unlock(1940758314978187740)[0m
  [1m[35m (0.3ms)[0m  [1m[34mSELECT pg_try_advisory_lock(1940758314978187740)[0m
  [1m[35m (0.9ms)[0m  [1m[34mSELECT "schema_migrations"."version" FROM "schema_migrations" ORDER BY "schema_migrations"."version" ASC[0m
Migrating to CreateDogsBreeds (20200908213309)
  [1m[35m (0.2ms)[0m  [1m[35mBEGIN[0m
  [1m[35m (6.3ms)[0m  [1m[35mCREATE TABLE "dogs_breeds" ("id" bigserial primary key, "dog_id" bigint NOT NULL, "breed_id" bigint NOT NULL, "created_at" timestamp(6) NOT NULL, "updated_at" timestamp(6) NOT NULL, CONSTRAINT "fk_rails_2cee631a23"
FOREIGN KEY ("dog_id")
  REFERENCES "dogs" ("id")
, CONSTRAINT "fk_rails_a6cfaed84c"
FOREIGN KEY ("breed_id")
  REFERENCES "breeds" ("id")
)[0m
  [1m[35m (1.1ms)[0m  [1m[35mCREATE  INDEX  "index_dogs_breeds_on_dog_id" ON "dogs_breeds"  ("dog_id")[0m
  [1m[35m (1.1ms)[0m  [1m[35mCREATE  INDEX  "index_dogs_breeds_on_breed_id" ON "dogs_breeds"  ("breed_id")[0m
  [1m[36mprimary::SchemaMigration Create (0.6ms)[0m  [1m[32mINSERT INTO "schema_migrations" ("version") VALUES ($1) RETURNING "version"[0m  [["version", "20200908213309"]]
  [1m[35m (0.6ms)[0m  [1m[35mCOMMIT[0m
Migrating to CreateDogsVolunteers (20200908213427)
  [1m[35m (0.6ms)[0m  [1m[35mBEGIN[0m
  [1m[35m (4.0ms)[0m  [1m[35mCREATE TABLE "dogs_volunteers" ("id" bigserial primary key, "dog_id" bigint NOT NULL, "volunteer_id" bigint NOT NULL, "created_at" timestamp(6) NOT NULL, "updated_at" timestamp(6) NOT NULL, CONSTRAINT "fk_rails_7a2aeb5f86"
FOREIGN KEY ("dog_id")
  REFERENCES "dogs" ("id")
, CONSTRAINT "fk_rails_b48b316e8b"
FOREIGN KEY ("volunteer_id")
  REFERENCES "volunteers" ("id")
)[0m
  [1m[35m (1.1ms)[0m  [1m[35mCREATE  INDEX  "index_dogs_volunteers_on_dog_id" ON "dogs_volunteers"  ("dog_id")[0m
  [1m[35m (1.0ms)[0m  [1m[35mCREATE  INDEX  "index_dogs_volunteers_on_volunteer_id" ON "dogs_volunteers"  ("volunteer_id")[0m
  [1m[36mprimary::SchemaMigration Create (0.4ms)[0m  [1m[32mINSERT INTO "schema_migrations" ("version") VALUES ($1) RETURNING "version"[0m  [["version", "20200908213427"]]
  [1m[35m (0.5ms)[0m  [1m[35mCOMMIT[0m
Migrating to CreateDogs (20200909152337)
  [1m[35m (0.6ms)[0m  [1m[35mBEGIN[0m
  [1m[35m (3.2ms)[0m  [1m[35mCREATE TABLE "dogs" ("id" bigserial primary key, "name" character varying NOT NULL, "date_of_birth" date, "size_id" bigint NOT NULL, "is_vaccinated" boolean NOT NULL, "is_fixed" boolean NOT NULL, "is_male" boolean NOT NULL, "description" character varying, "created_at" timestamp(6) NOT NULL, "updated_at" timestamp(6) NOT NULL, CONSTRAINT "fk_rails_c45b8fee56"
FOREIGN KEY ("size_id")
  REFERENCES "sizes" ("id")
)[0m
  [1m[35m (0.2ms)[0m  [1m[31mROLLBACK[0m
  [1m[35m (0.4ms)[0m  [1m[34mSELECT pg_advisory_unlock(1940758314978187740)[0m
  [1m[35m (1.2ms)[0m  [1m[34mSELECT "schema_migrations"."version" FROM "schema_migrations" ORDER BY "schema_migrations"."version" ASC[0m
  [1m[35m (0.5ms)[0m  [1m[34mSELECT "ar_internal_metadata"."value" FROM "ar_internal_metadata" WHERE "ar_internal_metadata"."key" = $1[0m  [["key", "environment"]]
  [1m[35m (0.3ms)[0m  [1m[34mSELECT "schema_migrations"."version" FROM "schema_migrations" ORDER BY "schema_migrations"."version" ASC[0m
  [1m[35m (0.3ms)[0m  [1m[34mSELECT "ar_internal_metadata"."value" FROM "ar_internal_metadata" WHERE "ar_internal_metadata"."key" = $1[0m  [["key", "environment"]]
  [1m[35m (0.3ms)[0m  [1m[34mSELECT "schema_migrations"."version" FROM "schema_migrations" ORDER BY "schema_migrations"."version" ASC[0m
  [1m[35m (0.2ms)[0m  [1m[34mSELECT "ar_internal_metadata"."value" FROM "ar_internal_metadata" WHERE "ar_internal_metadata"."key" = $1[0m  [["key", "environment"]]
  [1m[35m (5042.9ms)[0m  [1m[35mDROP DATABASE IF EXISTS "get_pet_development"[0m
  [1m[35m (5043.1ms)[0m  [1m[35mDROP DATABASE IF EXISTS "get_pet_development"[0m
  [1m[35m (5043.3ms)[0m  [1m[35mDROP DATABASE IF EXISTS "get_pet_development"[0m
  [1m[35m (59.4ms)[0m  [1m[35mDROP DATABASE IF EXISTS "get_pet_development"[0m
  [1m[35m (34.5ms)[0m  [1m[35mDROP DATABASE IF EXISTS "get_pet_test"[0m
  [1m[35m (84.9ms)[0m  [1m[35mCREATE DATABASE "get_pet_development" ENCODING = 'utf8'[0m
  [1m[35m (70.6ms)[0m  [1m[35mCREATE DATABASE "get_pet_test" ENCODING = 'utf8'[0m
  [1m[35m (6.6ms)[0m  [1m[35mCREATE TABLE "schema_migrations" ("version" character varying NOT NULL PRIMARY KEY)[0m
  [1m[35m (3.4ms)[0m  [1m[35mCREATE TABLE "ar_internal_metadata" ("key" character varying NOT NULL PRIMARY KEY, "value" character varying, "created_at" timestamp(6) NOT NULL, "updated_at" timestamp(6) NOT NULL)[0m
  [1m[35m (0.3ms)[0m  [1m[34mSELECT pg_try_advisory_lock(1940758314978187740)[0m
  [1m[35m (0.6ms)[0m  [1m[34mSELECT "schema_migrations"."version" FROM "schema_migrations" ORDER BY "schema_migrations"."version" ASC[0m
Migrating to CreatePeople (20200908212118)
  [1m[35m (0.2ms)[0m  [1m[35mBEGIN[0m
  [1m[35m (4.7ms)[0m  [1m[35mCREATE TABLE "people" ("id" bigserial primary key, "first_name" character varying, "last_name" character varying, "phone_number" character varying, "email" character varying, "address" character varying, "is_banned" boolean, "date_of_birth" date, "created_at" timestamp(6) NOT NULL, "updated_at" timestamp(6) NOT NULL)[0m
  [1m[36mprimary::SchemaMigration Create (0.6ms)[0m  [1m[32mINSERT INTO "schema_migrations" ("version") VALUES ($1) RETURNING "version"[0m  [["version", "20200908212118"]]
  [1m[35m (0.4ms)[0m  [1m[35mCOMMIT[0m
Migrating to CreateVolunteers (20200908212233)
  [1m[35m (0.3ms)[0m  [1m[35mBEGIN[0m
  [1m[35m (3.9ms)[0m  [1m[35mCREATE TABLE "volunteers" ("id" bigserial primary key, "first_name" character varying, "last_name" character varying, "phone_number" character varying, "email" character varying, "address" character varying, "is_active" boolean, "date_of_birth" date, "created_at" timestamp(6) NOT NULL, "updated_at" timestamp(6) NOT NULL)[0m
  [1m[36mprimary::SchemaMigration Create (0.3ms)[0m  [1m[32mINSERT INTO "schema_migrations" ("version") VALUES ($1) RETURNING "version"[0m  [["version", "20200908212233"]]
  [1m[35m (0.4ms)[0m  [1m[35mCOMMIT[0m
Migrating to CreateBreeds (20200908212323)
  [1m[35m (0.2ms)[0m  [1m[35mBEGIN[0m
  [1m[35m (4.2ms)[0m  [1m[35mCREATE TABLE "breeds" ("id" bigserial primary key, "breed_name" character varying, "created_at" timestamp(6) NOT NULL, "updated_at" timestamp(6) NOT NULL)[0m
  [1m[36mprimary::SchemaMigration Create (0.4ms)[0m  [1m[32mINSERT INTO "schema_migrations" ("version") VALUES ($1) RETURNING "version"[0m  [["version", "20200908212323"]]
  [1m[35m (0.4ms)[0m  [1m[35mCOMMIT[0m
Migrating to CreateSizes (20200908212336)
  [1m[35m (0.4ms)[0m  [1m[35mBEGIN[0m
  [1m[35m (4.0ms)[0m  [1m[35mCREATE TABLE "sizes" ("id" bigserial primary key, "size_name" character varying, "created_at" timestamp(6) NOT NULL, "updated_at" timestamp(6) NOT NULL)[0m
  [1m[36mprimary::SchemaMigration Create (0.5ms)[0m  [1m[32mINSERT INTO "schema_migrations" ("version") VALUES ($1) RETURNING "version"[0m  [["version", "20200908212336"]]
  [1m[35m (0.5ms)[0m  [1m[35mCOMMIT[0m
Migrating to CreateAdoptions (20200908212830)
  [1m[35m (0.3ms)[0m  [1m[35mBEGIN[0m
  [1m[35m (7.5ms)[0m  [1m[35mCREATE TABLE "adoptions" ("id" bigserial primary key, "start_date" date, "end_date_date" character varying, "dog_id" bigint NOT NULL, "person_id" bigint NOT NULL, "status" character varying, "return_reason" character varying, "rejection_reason" character varying, "created_at" timestamp(6) NOT NULL, "updated_at" timestamp(6) NOT NULL, CONSTRAINT "fk_rails_8ed71bdd34"
FOREIGN KEY ("dog_id")
  REFERENCES "dogs" ("id")
, CONSTRAINT "fk_rails_bfd2765dcf"
FOREIGN KEY ("person_id")
  REFERENCES "people" ("id")
)[0m
  [1m[35m (0.2ms)[0m  [1m[31mROLLBACK[0m
  [1m[35m (0.4ms)[0m  [1m[34mSELECT pg_advisory_unlock(1940758314978187740)[0m
  [1m[35m (0.3ms)[0m  [1m[34mSELECT pg_try_advisory_lock(1940758314978187740)[0m
  [1m[35m (0.9ms)[0m  [1m[34mSELECT "schema_migrations"."version" FROM "schema_migrations" ORDER BY "schema_migrations"."version" ASC[0m
Migrating to CreateDogs (20200908212829)
  [1m[35m (0.3ms)[0m  [1m[35mBEGIN[0m
  [1m[35m (8.4ms)[0m  [1m[35mCREATE TABLE "dogs" ("id" bigserial primary key, "name" character varying NOT NULL, "date_of_birth" date, "size_id" bigint NOT NULL, "is_vaccinated" boolean NOT NULL, "is_fixed" boolean NOT NULL, "is_male" boolean NOT NULL, "description" character varying, "created_at" timestamp(6) NOT NULL, "updated_at" timestamp(6) NOT NULL, CONSTRAINT "fk_rails_c45b8fee56"
FOREIGN KEY ("size_id")
  REFERENCES "sizes" ("id")
)[0m
  [1m[35m (1.0ms)[0m  [1m[35mCREATE  INDEX  "index_dogs_on_size_id" ON "dogs"  ("size_id")[0m
  [1m[36mprimary::SchemaMigration Create (0.5ms)[0m  [1m[32mINSERT INTO "schema_migrations" ("version") VALUES ($1) RETURNING "version"[0m  [["version", "20200908212829"]]
  [1m[35m (0.6ms)[0m  [1m[35mCOMMIT[0m
Migrating to CreateAdoptions (20200908212830)
  [1m[35m (0.5ms)[0m  [1m[35mBEGIN[0m
  [1m[35m (5.1ms)[0m  [1m[35mCREATE TABLE "adoptions" ("id" bigserial primary key, "start_date" date, "end_date_date" character varying, "dog_id" bigint NOT NULL, "person_id" bigint NOT NULL, "status" character varying, "return_reason" character varying, "rejection_reason" character varying, "created_at" timestamp(6) NOT NULL, "updated_at" timestamp(6) NOT NULL, CONSTRAINT "fk_rails_8ed71bdd34"
FOREIGN KEY ("dog_id")
  REFERENCES "dogs" ("id")
, CONSTRAINT "fk_rails_bfd2765dcf"
FOREIGN KEY ("person_id")
  REFERENCES "people" ("id")
)[0m
  [1m[35m (1.1ms)[0m  [1m[35mCREATE  INDEX  "index_adoptions_on_dog_id" ON "adoptions"  ("dog_id")[0m
  [1m[35m (0.9ms)[0m  [1m[35mCREATE  INDEX  "index_adoptions_on_person_id" ON "adoptions"  ("person_id")[0m
  [1m[36mprimary::SchemaMigration Create (0.3ms)[0m  [1m[32mINSERT INTO "schema_migrations" ("version") VALUES ($1) RETURNING "version"[0m  [["version", "20200908212830"]]
  [1m[35m (0.4ms)[0m  [1m[35mCOMMIT[0m
Migrating to CreateImages (20200908213035)
  [1m[35m (0.4ms)[0m  [1m[35mBEGIN[0m
  [1m[35m (6.2ms)[0m  [1m[35mCREATE TABLE "images" ("id" bigserial primary key, "dog_id" bigint NOT NULL, "image_url" character varying, "created_at" timestamp(6) NOT NULL, "updated_at" timestamp(6) NOT NULL, CONSTRAINT "fk_rails_7bae7cba14"
FOREIGN KEY ("dog_id")
  REFERENCES "dogs" ("id")
)[0m
  [1m[35m (1.0ms)[0m  [1m[35mCREATE  INDEX  "index_images_on_dog_id" ON "images"  ("dog_id")[0m
  [1m[36mprimary::SchemaMigration Create (0.6ms)[0m  [1m[32mINSERT INTO "schema_migrations" ("version") VALUES ($1) RETURNING "version"[0m  [["version", "20200908213035"]]
  [1m[35m (0.6ms)[0m  [1m[35mCOMMIT[0m
Migrating to CreateDogsBreeds (20200908213309)
  [1m[35m (0.5ms)[0m  [1m[35mBEGIN[0m
  [1m[35m (5.4ms)[0m  [1m[35mCREATE TABLE "dogs_breeds" ("id" bigserial primary key, "dog_id" bigint NOT NULL, "breed_id" bigint NOT NULL, "created_at" timestamp(6) NOT NULL, "updated_at" timestamp(6) NOT NULL, CONSTRAINT "fk_rails_2cee631a23"
FOREIGN KEY ("dog_id")
  REFERENCES "dogs" ("id")
, CONSTRAINT "fk_rails_a6cfaed84c"
FOREIGN KEY ("breed_id")
  REFERENCES "breeds" ("id")
)[0m
  [1m[35m (1.1ms)[0m  [1m[35mCREATE  INDEX  "index_dogs_breeds_on_dog_id" ON "dogs_breeds"  ("dog_id")[0m
  [1m[35m (1.1ms)[0m  [1m[35mCREATE  INDEX  "index_dogs_breeds_on_breed_id" ON "dogs_breeds"  ("breed_id")[0m
  [1m[36mprimary::SchemaMigration Create (0.3ms)[0m  [1m[32mINSERT INTO "schema_migrations" ("version") VALUES ($1) RETURNING "version"[0m  [["version", "20200908213309"]]
  [1m[35m (0.7ms)[0m  [1m[35mCOMMIT[0m
Migrating to CreateDogsVolunteers (20200908213427)
  [1m[35m (0.3ms)[0m  [1m[35mBEGIN[0m
  [1m[35m (3.8ms)[0m  [1m[35mCREATE TABLE "dogs_volunteers" ("id" bigserial primary key, "dog_id" bigint NOT NULL, "volunteer_id" bigint NOT NULL, "created_at" timestamp(6) NOT NULL, "updated_at" timestamp(6) NOT NULL, CONSTRAINT "fk_rails_7a2aeb5f86"
FOREIGN KEY ("dog_id")
  REFERENCES "dogs" ("id")
, CONSTRAINT "fk_rails_b48b316e8b"
FOREIGN KEY ("volunteer_id")
  REFERENCES "volunteers" ("id")
)[0m
  [1m[35m (1.1ms)[0m  [1m[35mCREATE  INDEX  "index_dogs_volunteers_on_dog_id" ON "dogs_volunteers"  ("dog_id")[0m
  [1m[35m (0.9ms)[0m  [1m[35mCREATE  INDEX  "index_dogs_volunteers_on_volunteer_id" ON "dogs_volunteers"  ("volunteer_id")[0m
  [1m[36mprimary::SchemaMigration Create (0.5ms)[0m  [1m[32mINSERT INTO "schema_migrations" ("version") VALUES ($1) RETURNING "version"[0m  [["version", "20200908213427"]]
  [1m[35m (0.5ms)[0m  [1m[35mCOMMIT[0m
  [1m[36mActiveRecord::InternalMetadata Load (0.5ms)[0m  [1m[34mSELECT "ar_internal_metadata".* FROM "ar_internal_metadata" WHERE "ar_internal_metadata"."key" = $1 LIMIT $2[0m  [["key", "environment"], ["LIMIT", 1]]
  [1m[35m (0.2ms)[0m  [1m[35mBEGIN[0m
  [1m[36mActiveRecord::InternalMetadata Create (0.6ms)[0m  [1m[32mINSERT INTO "ar_internal_metadata" ("key", "value", "created_at", "updated_at") VALUES ($1, $2, $3, $4) RETURNING "key"[0m  [["key", "environment"], ["value", "development"], ["created_at", "2020-09-09 15:41:11.249044"], ["updated_at", "2020-09-09 15:41:11.249044"]]
  [1m[35m (0.4ms)[0m  [1m[35mCOMMIT[0m
  [1m[35m (0.5ms)[0m  [1m[34mSELECT pg_advisory_unlock(1940758314978187740)[0m
  [1m[35m (0.9ms)[0m  [1m[34mSELECT "schema_migrations"."version" FROM "schema_migrations" ORDER BY "schema_migrations"."version" ASC[0m
  [1m[35m (0.9ms)[0m  [1m[34mSELECT "schema_migrations"."version" FROM "schema_migrations" ORDER BY "schema_migrations"."version" ASC[0m
  [1m[35m (0.3ms)[0m  [1m[34mSELECT "schema_migrations"."version" FROM "schema_migrations" ORDER BY "schema_migrations"."version" ASC[0m
  [1m[35m (0.3ms)[0m  [1m[34mSELECT "schema_migrations"."version" FROM "schema_migrations" ORDER BY "schema_migrations"."version" ASC[0m
  [1m[35m (0.2ms)[0m  [1m[34mSELECT pg_try_advisory_lock(1940758314978187740)[0m
  [1m[35m (0.3ms)[0m  [1m[34mSELECT "schema_migrations"."version" FROM "schema_migrations" ORDER BY "schema_migrations"."version" ASC[0m
Migrating to CreateDogsVolunteers (20200908213427)
  [1m[35m (0.2ms)[0m  [1m[35mBEGIN[0m
  [1m[35m (6.5ms)[0m  [1m[35mDROP TABLE "dogs_volunteers"[0m
  [1m[36mprimary::SchemaMigration Destroy (0.6ms)[0m  [1m[31mDELETE FROM "schema_migrations" WHERE "schema_migrations"."version" = $1[0m  [["version", "20200908213427"]]
  [1m[35m (1.8ms)[0m  [1m[35mCOMMIT[0m
  [1m[35m (0.4ms)[0m  [1m[34mSELECT pg_advisory_unlock(1940758314978187740)[0m
  [1m[35m (1.6ms)[0m  [1m[34mSELECT "schema_migrations"."version" FROM "schema_migrations" ORDER BY "schema_migrations"."version" ASC[0m
  [1m[35m (0.8ms)[0m  [1m[34mSELECT "schema_migrations"."version" FROM "schema_migrations" ORDER BY "schema_migrations"."version" ASC[0m
  [1m[35m (0.3ms)[0m  [1m[34mSELECT "schema_migrations"."version" FROM "schema_migrations" ORDER BY "schema_migrations"."version" ASC[0m
  [1m[35m (0.3ms)[0m  [1m[34mSELECT "schema_migrations"."version" FROM "schema_migrations" ORDER BY "schema_migrations"."version" ASC[0m
  [1m[35m (0.4ms)[0m  [1m[34mSELECT pg_try_advisory_lock(1940758314978187740)[0m
  [1m[35m (0.4ms)[0m  [1m[34mSELECT "schema_migrations"."version" FROM "schema_migrations" ORDER BY "schema_migrations"."version" ASC[0m
Migrating to CreateDogsBreeds (20200908213309)
  [1m[35m (0.2ms)[0m  [1m[35mBEGIN[0m
  [1m[35m (3.0ms)[0m  [1m[35mDROP TABLE "dogs_breeds"[0m
  [1m[36mprimary::SchemaMigration Destroy (0.7ms)[0m  [1m[31mDELETE FROM "schema_migrations" WHERE "schema_migrations"."version" = $1[0m  [["version", "20200908213309"]]
  [1m[35m (2.0ms)[0m  [1m[35mCOMMIT[0m
  [1m[35m (1.7ms)[0m  [1m[34mSELECT pg_advisory_unlock(1940758314978187740)[0m
  [1m[35m (1.0ms)[0m  [1m[34mSELECT "schema_migrations"."version" FROM "schema_migrations" ORDER BY "schema_migrations"."version" ASC[0m
  [1m[35m (0.3ms)[0m  [1m[34mSELECT pg_try_advisory_lock(1940758314978187740)[0m
  [1m[35m (1.0ms)[0m  [1m[34mSELECT "schema_migrations"."version" FROM "schema_migrations" ORDER BY "schema_migrations"."version" ASC[0m
Migrating to CreateBreedsDogs (20200908213309)
  [1m[35m (0.2ms)[0m  [1m[35mBEGIN[0m
  [1m[35m (6.9ms)[0m  [1m[35mCREATE TABLE "breeds_dogs" ("id" bigserial primary key, "dog_id" bigint NOT NULL, "breed_id" bigint NOT NULL, "created_at" timestamp(6) NOT NULL, "updated_at" timestamp(6) NOT NULL, CONSTRAINT "fk_rails_fdce8b45d9"
FOREIGN KEY ("dog_id")
  REFERENCES "dogs" ("id")
, CONSTRAINT "fk_rails_87c4f41286"
FOREIGN KEY ("breed_id")
  REFERENCES "breeds" ("id")
)[0m
  [1m[35m (1.0ms)[0m  [1m[35mCREATE  INDEX  "index_breeds_dogs_on_dog_id" ON "breeds_dogs"  ("dog_id")[0m
  [1m[35m (0.9ms)[0m  [1m[35mCREATE  INDEX  "index_breeds_dogs_on_breed_id" ON "breeds_dogs"  ("breed_id")[0m
  [1m[36mprimary::SchemaMigration Create (0.5ms)[0m  [1m[32mINSERT INTO "schema_migrations" ("version") VALUES ($1) RETURNING "version"[0m  [["version", "20200908213309"]]
  [1m[35m (0.5ms)[0m  [1m[35mCOMMIT[0m
Migrating to CreateDogsVolunteers (20200908213427)
  [1m[35m (0.3ms)[0m  [1m[35mBEGIN[0m
  [1m[35m (4.3ms)[0m  [1m[35mCREATE TABLE "dogs_volunteers" ("id" bigserial primary key, "dog_id" bigint NOT NULL, "volunteer_id" bigint NOT NULL, "created_at" timestamp(6) NOT NULL, "updated_at" timestamp(6) NOT NULL, CONSTRAINT "fk_rails_7a2aeb5f86"
FOREIGN KEY ("dog_id")
  REFERENCES "dogs" ("id")
, CONSTRAINT "fk_rails_b48b316e8b"
FOREIGN KEY ("volunteer_id")
  REFERENCES "volunteers" ("id")
)[0m
  [1m[35m (1.1ms)[0m  [1m[35mCREATE  INDEX  "index_dogs_volunteers_on_dog_id" ON "dogs_volunteers"  ("dog_id")[0m
  [1m[35m (1.8ms)[0m  [1m[35mCREATE  INDEX  "index_dogs_volunteers_on_volunteer_id" ON "dogs_volunteers"  ("volunteer_id")[0m
  [1m[36mprimary::SchemaMigration Create (0.7ms)[0m  [1m[32mINSERT INTO "schema_migrations" ("version") VALUES ($1) RETURNING "version"[0m  [["version", "20200908213427"]]
  [1m[35m (0.4ms)[0m  [1m[35mCOMMIT[0m
  [1m[36mActiveRecord::InternalMetadata Load (0.7ms)[0m  [1m[34mSELECT "ar_internal_metadata".* FROM "ar_internal_metadata" WHERE "ar_internal_metadata"."key" = $1 LIMIT $2[0m  [["key", "environment"], ["LIMIT", 1]]
  [1m[35m (0.4ms)[0m  [1m[34mSELECT pg_advisory_unlock(1940758314978187740)[0m
  [1m[35m (0.9ms)[0m  [1m[34mSELECT "schema_migrations"."version" FROM "schema_migrations" ORDER BY "schema_migrations"."version" ASC[0m
Started GET "/" for ::1 at 2020-09-16 18:12:53 +0300
  [1m[35m (1.9ms)[0m  [1m[34mSELECT "schema_migrations"."version" FROM "schema_migrations" ORDER BY "schema_migrations"."version" ASC[0m
Processing by Rails::WelcomeController#index as HTML
  Rendering /Library/Ruby/Gems/2.6.0/gems/railties-6.0.3.2/lib/rails/templates/rails/welcome/index.html.erb
  Rendered /Library/Ruby/Gems/2.6.0/gems/railties-6.0.3.2/lib/rails/templates/rails/welcome/index.html.erb (Duration: 8.0ms | Allocations: 478)
Completed 200 OK in 47ms (Views: 13.2ms | ActiveRecord: 0.0ms | Allocations: 2749)


Started GET "/dogs" for ::1 at 2020-09-16 18:12:59 +0300
Processing by DogsController#index as HTML
  Rendering dogs/index.html.erb within layouts/application
  Rendered dogs/index.html.erb within layouts/application (Duration: 0.5ms | Allocations: 109)
[Webpacker] Compiling...
[Webpacker] Compiled all packs in /Users/nofarbendavid/Documents/Code/Ruby/getPet/public/packs
[Webpacker] Hash: 15d1bb7b54cf6326b9ba
Version: webpack 4.44.1
Time: 1903ms
Built at: 09/16/2020 6:13:03 PM
                                     Asset       Size       Chunks                         Chunk Names
    js/application-9afcbb5693aa87623e69.js    124 KiB  application  [emitted] [immutable]  application
js/application-9afcbb5693aa87623e69.js.map    139 KiB  application  [emitted] [dev]        application
                             manifest.json  364 bytes               [emitted]              
Entrypoint application = js/application-9afcbb5693aa87623e69.js js/application-9afcbb5693aa87623e69.js.map
[./app/javascript/channels sync recursive _channel\.js$] ./app/javascript/channels sync _channel\.js$ 160 bytes {application} [built]
[./app/javascript/channels/index.js] 211 bytes {application} [built]
[./app/javascript/packs/application.js] 749 bytes {application} [built]
[./node_modules/webpack/buildin/module.js] (webpack)/buildin/module.js 552 bytes {application} [built]
    + 3 hidden modules

Completed 200 OK in 4009ms (Views: 4007.6ms | ActiveRecord: 0.0ms | Allocations: 19145)


Started GET "/dogs" for ::1 at 2020-09-16 18:13:40 +0300
Processing by DogsController#index as HTML
  Rendering dogs/index.html.erb within layouts/application
  Rendered dogs/index.html.erb within layouts/application (Duration: 142.4ms | Allocations: 71972)
[Webpacker] Everything's up-to-date. Nothing to do
Completed 200 OK in 156ms (Views: 154.8ms | ActiveRecord: 0.0ms | Allocations: 76789)


Started GET "/dogs" for ::1 at 2020-09-16 18:13:57 +0300
Processing by DogsController#index as HTML
  Rendering dogs/index.html.erb within layouts/application
  Rendered dogs/index.html.erb within layouts/application (Duration: 0.4ms | Allocations: 104)
[Webpacker] Everything's up-to-date. Nothing to do
Completed 200 OK in 12ms (Views: 11.1ms | ActiveRecord: 0.0ms | Allocations: 4908)


Started GET "/dogs" for ::1 at 2020-09-27 18:24:47 +0300
  [1m[35m (3.5ms)[0m  [1m[34mSELECT "schema_migrations"."version" FROM "schema_migrations" ORDER BY "schema_migrations"."version" ASC[0m
Processing by DogsController#index as HTML
  Rendering dogs/index.html.erb within layouts/application
  Rendered dogs/index.html.erb within layouts/application (Duration: 2.2ms | Allocations: 394)
[Webpacker] Everything's up-to-date. Nothing to do
Completed 200 OK in 36ms (Views: 24.5ms | ActiveRecord: 0.0ms | Allocations: 8818)


  [1m[35m (6.9ms)[0m  [1m[34mSELECT pg_try_advisory_lock(1940758314978187740)[0m
  [1m[35m (0.9ms)[0m  [1m[34mSELECT "schema_migrations"."version" FROM "schema_migrations" ORDER BY "schema_migrations"."version" ASC[0m
Migrating to ChangeColumnNull (20200927160933)
  [1m[35m (0.3ms)[0m  [1m[35mBEGIN[0m
  [1m[35m (28.1ms)[0m  [1m[35mALTER TABLE "adoptions" ALTER COLUMN "start_date" SET NOT NULL[0m
  [1m[35m (1.2ms)[0m  [1m[35mALTER TABLE "adoptions" ALTER COLUMN "status" SET NOT NULL[0m
  [1m[35m (1.2ms)[0m  [1m[35mALTER TABLE "breeds" ALTER COLUMN "breed_name" SET NOT NULL[0m
  [1m[35m (0.7ms)[0m  [1m[35mALTER TABLE "images" ALTER COLUMN "image_url" SET NOT NULL[0m
  [1m[35m (1.0ms)[0m  [1m[35mALTER TABLE "people" ALTER COLUMN "first_name" SET NOT NULL[0m
  [1m[35m (0.5ms)[0m  [1m[35mALTER TABLE "people" ALTER COLUMN "last_name" SET NOT NULL[0m
  [1m[35m (0.5ms)[0m  [1m[35mALTER TABLE "people" ALTER COLUMN "phone_number" SET NOT NULL[0m
  [1m[35m (0.5ms)[0m  [1m[35mALTER TABLE "sizes" ALTER COLUMN "size_name" SET NOT NULL[0m
  [1m[35m (0.5ms)[0m  [1m[35mALTER TABLE "volunteers" ALTER COLUMN "first_name" SET NOT NULL[0m
  [1m[35m (0.5ms)[0m  [1m[35mALTER TABLE "volunteers" ALTER COLUMN "last_name" SET NOT NULL[0m
  [1m[35m (0.6ms)[0m  [1m[35mALTER TABLE "volunteers" ALTER COLUMN "phone_number" SET NOT NULL[0m
  [1m[35m (1.0ms)[0m  [1m[33mUPDATE "volunteers" SET "is_active"=FALSE WHERE "is_active" IS NULL[0m
  [1m[35m (0.4ms)[0m  [1m[35mALTER TABLE "volunteers" ALTER COLUMN "is_active" SET NOT NULL[0m
  [1m[36mprimary::SchemaMigration Create (0.6ms)[0m  [1m[32mINSERT INTO "schema_migrations" ("version") VALUES ($1) RETURNING "version"[0m  [["version", "20200927160933"]]
  [1m[35m (1.4ms)[0m  [1m[35mCOMMIT[0m
  [1m[36mActiveRecord::InternalMetadata Load (25.7ms)[0m  [1m[34mSELECT "ar_internal_metadata".* FROM "ar_internal_metadata" WHERE "ar_internal_metadata"."key" = $1 LIMIT $2[0m  [["key", "environment"], ["LIMIT", 1]]
  [1m[35m (0.3ms)[0m  [1m[34mSELECT pg_advisory_unlock(1940758314978187740)[0m
  [1m[35m (0.8ms)[0m  [1m[34mSELECT "schema_migrations"."version" FROM "schema_migrations" ORDER BY "schema_migrations"."version" ASC[0m
Started GET "/dogs/new" for ::1 at 2020-09-27 21:08:50 +0300
  [1m[35m (0.9ms)[0m  [1m[34mSELECT "schema_migrations"."version" FROM "schema_migrations" ORDER BY "schema_migrations"."version" ASC[0m
Processing by DogsController#new as HTML
  Rendering dogs/new.html.erb within layouts/application
  Rendered dogs/new.html.erb within layouts/application (Duration: 0.4ms | Allocations: 91)
[Webpacker] Compiling...
[Webpacker] Compiled all packs in /Users/nofarbendavid/Documents/Code/Ruby/getPet/public/packs
[Webpacker] Hash: 15d1bb7b54cf6326b9ba
Version: webpack 4.44.1
Time: 1895ms
Built at: 09/27/2020 9:08:54 PM
                                     Asset       Size       Chunks                         Chunk Names
    js/application-9afcbb5693aa87623e69.js    124 KiB  application  [emitted] [immutable]  application
js/application-9afcbb5693aa87623e69.js.map    139 KiB  application  [emitted] [dev]        application
                             manifest.json  364 bytes               [emitted]              
Entrypoint application = js/application-9afcbb5693aa87623e69.js js/application-9afcbb5693aa87623e69.js.map
[./app/javascript/channels sync recursive _channel\.js$] ./app/javascript/channels sync _channel\.js$ 160 bytes {application} [built]
[./app/javascript/channels/index.js] 211 bytes {application} [built]
[./app/javascript/packs/application.js] 749 bytes {application} [built]
[./node_modules/webpack/buildin/module.js] (webpack)/buildin/module.js 552 bytes {application} [built]
    + 3 hidden modules

Completed 200 OK in 3807ms (Views: 3806.2ms | ActiveRecord: 0.0ms | Allocations: 14368)


Started GET "/dogs/new" for ::1 at 2020-09-27 21:15:57 +0300
Processing by DogsController#new as HTML
  Rendering dogs/new.html.erb within layouts/application
  Rendered dogs/new.html.erb within layouts/application (Duration: 0.9ms | Allocations: 338)
[Webpacker] Everything's up-to-date. Nothing to do
Completed 200 OK in 11ms (Views: 9.3ms | ActiveRecord: 0.0ms | Allocations: 5156)


Started GET "/dogs/new" for ::1 at 2020-09-27 21:21:37 +0300
Processing by DogsController#new as HTML
  Rendering dogs/new.html.erb within layouts/application
  Rendered dogs/new.html.erb within layouts/application (Duration: 0.9ms | Allocations: 505)
[Webpacker] Everything's up-to-date. Nothing to do
Completed 200 OK in 10ms (Views: 8.8ms | ActiveRecord: 0.0ms | Allocations: 5289)


Started GET "/dogs/new" for ::1 at 2020-09-27 21:23:53 +0300
Processing by DogsController#new as HTML
  Rendering dogs/new.html.erb within layouts/application
  Rendered dogs/new.html.erb within layouts/application (Duration: 0.9ms | Allocations: 509)
[Webpacker] Everything's up-to-date. Nothing to do
Completed 200 OK in 9ms (Views: 8.0ms | ActiveRecord: 0.0ms | Allocations: 5298)


Started GET "/dogs/new" for ::1 at 2020-09-27 21:25:41 +0300
Processing by DogsController#new as HTML
  Rendering dogs/new.html.erb within layouts/application
  Rendered dogs/new.html.erb within layouts/application (Duration: 0.8ms | Allocations: 503)
[Webpacker] Everything's up-to-date. Nothing to do
Completed 200 OK in 9ms (Views: 7.8ms | ActiveRecord: 0.0ms | Allocations: 5301)


Started GET "/dogs/new" for ::1 at 2020-09-27 21:25:51 +0300
Processing by DogsController#new as HTML
  Rendering dogs/new.html.erb within layouts/application
  Rendered dogs/new.html.erb within layouts/application (Duration: 0.8ms | Allocations: 499)
[Webpacker] Everything's up-to-date. Nothing to do
Completed 200 OK in 11ms (Views: 9.7ms | ActiveRecord: 0.0ms | Allocations: 5282)


Started GET "/dogs/new" for ::1 at 2020-09-27 21:27:00 +0300
Processing by DogsController#new as HTML
  Rendering dogs/new.html.erb within layouts/application
  Rendered dogs/new.html.erb within layouts/application (Duration: 0.7ms | Allocations: 505)
[Webpacker] Everything's up-to-date. Nothing to do
Completed 200 OK in 8ms (Views: 7.4ms | ActiveRecord: 0.0ms | Allocations: 5293)


Started GET "/dogs/new" for ::1 at 2020-09-27 21:27:16 +0300
Processing by DogsController#new as HTML
  Rendering dogs/new.html.erb within layouts/application
  Rendered dogs/new.html.erb within layouts/application (Duration: 0.7ms | Allocations: 504)
[Webpacker] Everything's up-to-date. Nothing to do
Completed 200 OK in 9ms (Views: 8.0ms | ActiveRecord: 0.0ms | Allocations: 5292)


Started GET "/dogs/new" for ::1 at 2020-09-27 21:29:53 +0300
Processing by DogsController#new as HTML
  Rendering dogs/new.html.erb within layouts/application
  Rendered dogs/new.html.erb within layouts/application (Duration: 1.3ms | Allocations: 701)
[Webpacker] Everything's up-to-date. Nothing to do
Completed 200 OK in 11ms (Views: 9.1ms | ActiveRecord: 0.0ms | Allocations: 5489)


Started GET "/dogs/new" for ::1 at 2020-09-27 21:30:43 +0300
Processing by DogsController#new as HTML
  Rendering dogs/new.html.erb within layouts/application
  Rendered dogs/new.html.erb within layouts/application (Duration: 1.0ms | Allocations: 691)
[Webpacker] Everything's up-to-date. Nothing to do
Completed 200 OK in 9ms (Views: 7.8ms | ActiveRecord: 0.0ms | Allocations: 5480)


Started GET "/dogs/new" for ::1 at 2020-09-27 21:30:45 +0300
Processing by DogsController#new as HTML
  Rendering dogs/new.html.erb within layouts/application
  Rendered dogs/new.html.erb within layouts/application (Duration: 0.3ms | Allocations: 356)
[Webpacker] Everything's up-to-date. Nothing to do
Completed 200 OK in 6ms (Views: 5.8ms | ActiveRecord: 0.0ms | Allocations: 4219)


Started GET "/dogs/new" for ::1 at 2020-09-27 21:32:05 +0300
Processing by DogsController#new as HTML
  Rendering dogs/new.html.erb within layouts/application
  Rendered dogs/new.html.erb within layouts/application (Duration: 1.0ms | Allocations: 883)
[Webpacker] Everything's up-to-date. Nothing to do
Completed 200 OK in 10ms (Views: 8.7ms | ActiveRecord: 0.0ms | Allocations: 5664)


Started GET "/dogs/new" for ::1 at 2020-09-27 21:34:04 +0300
Processing by DogsController#new as HTML
  Rendering dogs/new.html.erb within layouts/application
  Rendered dogs/new.html.erb within layouts/application (Duration: 1.4ms | Allocations: 959)
[Webpacker] Everything's up-to-date. Nothing to do
Completed 200 OK in 11ms (Views: 9.9ms | ActiveRecord: 0.0ms | Allocations: 5750)


Started GET "/dogs/new" for ::1 at 2020-09-27 21:34:22 +0300
Processing by DogsController#new as HTML
  Rendering dogs/new.html.erb within layouts/application
  Rendered dogs/new.html.erb within layouts/application (Duration: 1.2ms | Allocations: 938)
[Webpacker] Everything's up-to-date. Nothing to do
Completed 200 OK in 10ms (Views: 8.6ms | ActiveRecord: 0.0ms | Allocations: 5722)


Started GET "/dogs/new" for ::1 at 2020-09-27 21:34:39 +0300
Processing by DogsController#new as HTML
  Rendering dogs/new.html.erb within layouts/application
  Rendered dogs/new.html.erb within layouts/application (Duration: 1.1ms | Allocations: 946)
[Webpacker] Everything's up-to-date. Nothing to do
Completed 200 OK in 10ms (Views: 8.6ms | ActiveRecord: 0.0ms | Allocations: 5736)


Started GET "/dogs/new" for ::1 at 2020-09-27 21:34:48 +0300
Processing by DogsController#new as HTML
  Rendering dogs/new.html.erb within layouts/application
  Rendered dogs/new.html.erb within layouts/application (Duration: 1.0ms | Allocations: 929)
[Webpacker] Everything's up-to-date. Nothing to do
Completed 200 OK in 9ms (Views: 7.7ms | ActiveRecord: 0.0ms | Allocations: 5712)


Started GET "/dogs/new" for ::1 at 2020-09-27 21:36:22 +0300
Processing by DogsController#new as HTML
  Rendering dogs/new.html.erb within layouts/application
  Rendered dogs/new.html.erb within layouts/application (Duration: 1.1ms | Allocations: 936)
[Webpacker] Everything's up-to-date. Nothing to do
Completed 200 OK in 9ms (Views: 8.5ms | ActiveRecord: 0.0ms | Allocations: 5722)


Started GET "/dogs/new" for ::1 at 2020-09-27 21:36:34 +0300
Processing by DogsController#new as HTML
  Rendering dogs/new.html.erb within layouts/application
  Rendered dogs/new.html.erb within layouts/application (Duration: 1.3ms | Allocations: 936)
[Webpacker] Everything's up-to-date. Nothing to do
Completed 200 OK in 10ms (Views: 8.6ms | ActiveRecord: 0.0ms | Allocations: 5719)


Started GET "/dogs/new" for ::1 at 2020-09-27 21:38:49 +0300
Processing by DogsController#new as HTML
  Rendering dogs/new.html.erb within layouts/application
  Rendered dogs/new.html.erb within layouts/application (Duration: 1.0ms | Allocations: 908)
[Webpacker] Everything's up-to-date. Nothing to do
Completed 200 OK in 9ms (Views: 8.1ms | ActiveRecord: 0.0ms | Allocations: 5697)


Started GET "/dogs/new" for ::1 at 2020-09-27 21:47:41 +0300
Processing by DogsController#new as HTML
  Rendering dogs/new.html.erb within layouts/application
  Rendered dogs/new.html.erb within layouts/application (Duration: 1.1ms | Allocations: 963)
[Webpacker] Everything's up-to-date. Nothing to do
Completed 200 OK in 22ms (Views: 21.3ms | ActiveRecord: 0.0ms | Allocations: 5753)


Started GET "/dogs/new" for ::1 at 2020-09-27 21:50:23 +0300
Processing by DogsController#new as HTML
  Rendering dogs/new.html.erb within layouts/application
  Rendered dogs/new.html.erb within layouts/application (Duration: 1.3ms | Allocations: 1015)
[Webpacker] Everything's up-to-date. Nothing to do
Completed 200 OK in 10ms (Views: 9.1ms | ActiveRecord: 0.0ms | Allocations: 5813)


Started GET "/dogs/new" for ::1 at 2020-09-27 21:51:49 +0300
Processing by DogsController#new as HTML
  Rendering dogs/new.html.erb within layouts/application
  Rendered dogs/new.html.erb within layouts/application (Duration: 1.3ms | Allocations: 1009)
[Webpacker] Everything's up-to-date. Nothing to do
Completed 200 OK in 11ms (Views: 9.6ms | ActiveRecord: 0.0ms | Allocations: 5794)


Started GET "/dogs/new" for ::1 at 2020-09-27 21:52:31 +0300
Processing by DogsController#new as HTML
  Rendering dogs/new.html.erb within layouts/application
  Rendered dogs/new.html.erb within layouts/application (Duration: 1.3ms | Allocations: 1001)
[Webpacker] Everything's up-to-date. Nothing to do
Completed 200 OK in 11ms (Views: 10.2ms | ActiveRecord: 0.0ms | Allocations: 5786)


Started GET "/dogs/new" for ::1 at 2020-09-27 21:53:00 +0300
Processing by DogsController#new as HTML
  Rendering dogs/new.html.erb within layouts/application
  Rendered dogs/new.html.erb within layouts/application (Duration: 1.8ms | Allocations: 999)
[Webpacker] Everything's up-to-date. Nothing to do
Completed 200 OK in 10ms (Views: 9.4ms | ActiveRecord: 0.0ms | Allocations: 5787)


Started GET "/dogs/new" for ::1 at 2020-09-27 21:53:23 +0300
Processing by DogsController#new as HTML
  Rendering dogs/new.html.erb within layouts/application
  Rendered dogs/new.html.erb within layouts/application (Duration: 1.5ms | Allocations: 999)
[Webpacker] Everything's up-to-date. Nothing to do
Completed 200 OK in 11ms (Views: 9.8ms | ActiveRecord: 0.0ms | Allocations: 5784)


Started GET "/dogs/new" for ::1 at 2020-09-27 21:54:10 +0300
Processing by DogsController#new as HTML
  Rendering dogs/new.html.erb within layouts/application
  Rendered dogs/new.html.erb within layouts/application (Duration: 1.8ms | Allocations: 1061)
[Webpacker] Everything's up-to-date. Nothing to do
Completed 200 OK in 11ms (Views: 9.6ms | ActiveRecord: 0.0ms | Allocations: 5847)


Started GET "/dogs/new" for ::1 at 2020-09-27 21:54:54 +0300
Processing by DogsController#new as HTML
  Rendering dogs/new.html.erb within layouts/application
  Rendered dogs/new.html.erb within layouts/application (Duration: 1.4ms | Allocations: 1058)
[Webpacker] Everything's up-to-date. Nothing to do
Completed 200 OK in 31ms (Views: 29.5ms | ActiveRecord: 0.0ms | Allocations: 12902)


Started GET "/dogs/new" for ::1 at 2020-09-27 21:56:19 +0300
Processing by DogsController#new as HTML
  Rendering dogs/new.html.erb within layouts/application
  Rendered dogs/new.html.erb within layouts/application (Duration: 1.7ms | Allocations: 1069)
[Webpacker] Everything's up-to-date. Nothing to do
Completed 200 OK in 31ms (Views: 30.3ms | ActiveRecord: 0.0ms | Allocations: 13622)


Started GET "/dogs/new" for ::1 at 2020-09-27 21:56:37 +0300
Processing by DogsController#new as HTML
  Rendering dogs/new.html.erb within layouts/application
  Rendered dogs/new.html.erb within layouts/application (Duration: 0.6ms | Allocations: 587)
[Webpacker] Everything's up-to-date. Nothing to do
Completed 200 OK in 25ms (Views: 25.0ms | ActiveRecord: 0.0ms | Allocations: 12005)


Started GET "/dogs/new" for ::1 at 2020-09-27 21:57:30 +0300
Processing by DogsController#new as HTML
  Rendering dogs/new.html.erb within layouts/application
  Rendered dogs/new.html.erb within layouts/application (Duration: 0.8ms | Allocations: 586)
[Webpacker] Everything's up-to-date. Nothing to do
Completed 200 OK in 17ms (Views: 16.4ms | ActiveRecord: 0.0ms | Allocations: 8752)


Started GET "/dogs/new" for ::1 at 2020-09-27 21:57:47 +0300
Processing by DogsController#new as HTML
  Rendering dogs/new.html.erb within layouts/application
  Rendered dogs/new.html.erb within layouts/application (Duration: 0.7ms | Allocations: 586)
[Webpacker] Everything's up-to-date. Nothing to do
Completed 200 OK in 19ms (Views: 18.6ms | ActiveRecord: 0.0ms | Allocations: 9675)


Started GET "/dogs/new" for ::1 at 2020-09-27 21:57:50 +0300
Processing by DogsController#new as HTML
  Rendering dogs/new.html.erb within layouts/application
  Rendered dogs/new.html.erb within layouts/application (Duration: 0.6ms | Allocations: 586)
[Webpacker] Everything's up-to-date. Nothing to do
Completed 200 OK in 6ms (Views: 5.7ms | ActiveRecord: 0.0ms | Allocations: 4447)


Started GET "/dogs/new" for ::1 at 2020-09-27 21:57:51 +0300
Processing by DogsController#new as HTML
  Rendering dogs/new.html.erb within layouts/application
  Rendered dogs/new.html.erb within layouts/application (Duration: 0.8ms | Allocations: 586)
[Webpacker] Everything's up-to-date. Nothing to do
Completed 200 OK in 6ms (Views: 6.0ms | ActiveRecord: 0.0ms | Allocations: 4446)


Started GET "/dogs/new" for ::1 at 2020-09-27 21:57:51 +0300
Processing by DogsController#new as HTML
  Rendering dogs/new.html.erb within layouts/application
  Rendered dogs/new.html.erb within layouts/application (Duration: 0.6ms | Allocations: 586)
[Webpacker] Everything's up-to-date. Nothing to do
Completed 200 OK in 7ms (Views: 5.9ms | ActiveRecord: 0.0ms | Allocations: 4449)


Started GET "/dogs/new" for ::1 at 2020-09-27 21:58:06 +0300
Processing by DogsController#new as HTML
  Rendering dogs/new.html.erb within layouts/application
  Rendered dogs/new.html.erb within layouts/application (Duration: 0.6ms | Allocations: 586)
[Webpacker] Everything's up-to-date. Nothing to do
Completed 200 OK in 18ms (Views: 17.6ms | ActiveRecord: 0.0ms | Allocations: 8749)


Started GET "/dogs/new" for ::1 at 2020-09-27 21:58:31 +0300
Processing by DogsController#new as HTML
  Rendering dogs/new.html.erb within layouts/application
  Rendered dogs/new.html.erb within layouts/application (Duration: 0.6ms | Allocations: 586)
[Webpacker] Everything's up-to-date. Nothing to do
Completed 200 OK in 35ms (Views: 34.1ms | ActiveRecord: 0.0ms | Allocations: 12789)


Started GET "/dogs/new" for ::1 at 2020-09-27 21:59:46 +0300
Processing by DogsController#new as HTML
  Rendering dogs/new.html.erb within layouts/application
  Rendered dogs/new.html.erb within layouts/application (Duration: 1.7ms | Allocations: 1069)
[Webpacker] Everything's up-to-date. Nothing to do
Completed 200 OK in 29ms (Views: 27.6ms | ActiveRecord: 0.0ms | Allocations: 13188)


Started GET "/dogs/new" for ::1 at 2020-09-27 22:00:17 +0300
Processing by DogsController#new as HTML
  Rendering dogs/new.html.erb within layouts/application
  Rendered dogs/new.html.erb within layouts/application (Duration: 0.6ms | Allocations: 587)
[Webpacker] Everything's up-to-date. Nothing to do
Completed 200 OK in 24ms (Views: 23.4ms | ActiveRecord: 0.0ms | Allocations: 13351)


Started GET "/dogs/new" for ::1 at 2020-09-27 22:00:39 +0300
Processing by DogsController#new as HTML
  Rendering dogs/new.html.erb within layouts/application
  Rendered dogs/new.html.erb within layouts/application (Duration: 0.6ms | Allocations: 586)
[Webpacker] Everything's up-to-date. Nothing to do
Completed 200 OK in 24ms (Views: 23.5ms | ActiveRecord: 0.0ms | Allocations: 12026)


Started GET "/dogs/new" for ::1 at 2020-09-27 22:01:01 +0300
Processing by DogsController#new as HTML
  Rendering dogs/new.html.erb within layouts/application
  Rendered dogs/new.html.erb within layouts/application (Duration: 0.5ms | Allocations: 586)
[Webpacker] Everything's up-to-date. Nothing to do
Completed 200 OK in 22ms (Views: 21.6ms | ActiveRecord: 0.0ms | Allocations: 10457)


Started GET "/dogs/new" for ::1 at 2020-09-27 22:01:08 +0300
Processing by DogsController#new as HTML
  Rendering dogs/new.html.erb within layouts/application
  Rendered dogs/new.html.erb within layouts/application (Duration: 0.7ms | Allocations: 586)
[Webpacker] Everything's up-to-date. Nothing to do
Completed 200 OK in 18ms (Views: 17.9ms | ActiveRecord: 0.0ms | Allocations: 10849)


Started GET "/dogs/new" for ::1 at 2020-09-27 22:01:54 +0300
Processing by DogsController#new as HTML
  Rendering dogs/new.html.erb within layouts/application
  Rendered dogs/new.html.erb within layouts/application (Duration: 1.0ms | Allocations: 586)
[Webpacker] Everything's up-to-date. Nothing to do
Completed 200 OK in 39ms (Views: 38.7ms | ActiveRecord: 0.0ms | Allocations: 12431)


Started GET "/dogs/new" for ::1 at 2020-09-27 22:02:14 +0300
Processing by DogsController#new as HTML
  Rendering dogs/new.html.erb within layouts/application
  Rendered dogs/new.html.erb within layouts/application (Duration: 0.7ms | Allocations: 586)
[Webpacker] Everything's up-to-date. Nothing to do
Completed 200 OK in 23ms (Views: 22.4ms | ActiveRecord: 0.0ms | Allocations: 11781)


Started GET "/dogs/new" for ::1 at 2020-09-27 22:02:27 +0300
Processing by DogsController#new as HTML
  Rendering dogs/new.html.erb within layouts/application
  Rendered dogs/new.html.erb within layouts/application (Duration: 0.6ms | Allocations: 586)
[Webpacker] Everything's up-to-date. Nothing to do
Completed 200 OK in 24ms (Views: 23.5ms | ActiveRecord: 0.0ms | Allocations: 13215)


Started GET "/dogs/new" for ::1 at 2020-09-27 22:02:45 +0300
Processing by DogsController#new as HTML
  Rendering dogs/new.html.erb within layouts/application
  Rendered dogs/new.html.erb within layouts/application (Duration: 0.5ms | Allocations: 586)
[Webpacker] Everything's up-to-date. Nothing to do
Completed 200 OK in 26ms (Views: 25.4ms | ActiveRecord: 0.0ms | Allocations: 13691)


Started GET "/dogs/new" for ::1 at 2020-09-27 22:03:01 +0300
Processing by DogsController#new as HTML
  Rendering dogs/new.html.erb within layouts/application
  Rendered dogs/new.html.erb within layouts/application (Duration: 0.6ms | Allocations: 586)
[Webpacker] Everything's up-to-date. Nothing to do
Completed 200 OK in 26ms (Views: 25.1ms | ActiveRecord: 0.0ms | Allocations: 12419)


Started GET "/dogs/new" for ::1 at 2020-09-27 22:03:08 +0300
Processing by DogsController#new as HTML
  Rendering dogs/new.html.erb within layouts/application
  Rendered dogs/new.html.erb within layouts/application (Duration: 0.6ms | Allocations: 586)
[Webpacker] Everything's up-to-date. Nothing to do
Completed 200 OK in 8ms (Views: 7.8ms | ActiveRecord: 0.0ms | Allocations: 4490)


Started GET "/dogs/new" for ::1 at 2020-09-27 22:03:09 +0300
Processing by DogsController#new as HTML
  Rendering dogs/new.html.erb within layouts/application
  Rendered dogs/new.html.erb within layouts/application (Duration: 0.6ms | Allocations: 586)
[Webpacker] Everything's up-to-date. Nothing to do
Completed 200 OK in 6ms (Views: 5.7ms | ActiveRecord: 0.0ms | Allocations: 4489)


Started GET "/dogs/new" for ::1 at 2020-09-27 22:03:10 +0300
Processing by DogsController#new as HTML
  Rendering dogs/new.html.erb within layouts/application
  Rendered dogs/new.html.erb within layouts/application (Duration: 0.6ms | Allocations: 586)
[Webpacker] Everything's up-to-date. Nothing to do
Completed 200 OK in 6ms (Views: 5.8ms | ActiveRecord: 0.0ms | Allocations: 4488)


Started GET "/dogs/new" for ::1 at 2020-09-27 22:03:16 +0300
Processing by DogsController#new as HTML
  Rendering dogs/new.html.erb within layouts/application
  Rendered dogs/new.html.erb within layouts/application (Duration: 0.7ms | Allocations: 586)
[Webpacker] Everything's up-to-date. Nothing to do
Completed 200 OK in 36ms (Views: 34.9ms | ActiveRecord: 0.0ms | Allocations: 12484)


Started GET "/dogs/new" for ::1 at 2020-09-27 22:03:26 +0300
Processing by DogsController#new as HTML
  Rendering dogs/new.html.erb within layouts/application
  Rendered dogs/new.html.erb within layouts/application (Duration: 0.8ms | Allocations: 586)
[Webpacker] Everything's up-to-date. Nothing to do
Completed 200 OK in 25ms (Views: 24.9ms | ActiveRecord: 0.0ms | Allocations: 12866)


Started GET "/dogs/new" for ::1 at 2020-09-27 22:03:28 +0300
Processing by DogsController#new as HTML
  Rendering dogs/new.html.erb within layouts/application
  Rendered dogs/new.html.erb within layouts/application (Duration: 0.6ms | Allocations: 586)
[Webpacker] Everything's up-to-date. Nothing to do
Completed 200 OK in 6ms (Views: 5.8ms | ActiveRecord: 0.0ms | Allocations: 4506)


Started GET "/dogs/new" for ::1 at 2020-09-27 22:03:28 +0300
Processing by DogsController#new as HTML
  Rendering dogs/new.html.erb within layouts/application
  Rendered dogs/new.html.erb within layouts/application (Duration: 0.6ms | Allocations: 586)
[Webpacker] Everything's up-to-date. Nothing to do
Completed 200 OK in 7ms (Views: 6.9ms | ActiveRecord: 0.0ms | Allocations: 4489)


Started GET "/dogs/new" for ::1 at 2020-09-27 22:03:28 +0300
Processing by DogsController#new as HTML
  Rendering dogs/new.html.erb within layouts/application
  Rendered dogs/new.html.erb within layouts/application (Duration: 0.5ms | Allocations: 586)
[Webpacker] Everything's up-to-date. Nothing to do
Completed 200 OK in 9ms (Views: 8.0ms | ActiveRecord: 0.0ms | Allocations: 4489)


Started GET "/dogs/new" for ::1 at 2020-09-27 22:03:42 +0300
Processing by DogsController#new as HTML
  Rendering dogs/new.html.erb within layouts/application
  Rendered dogs/new.html.erb within layouts/application (Duration: 0.6ms | Allocations: 586)
[Webpacker] Everything's up-to-date. Nothing to do
Completed 200 OK in 10ms (Views: 9.1ms | ActiveRecord: 0.0ms | Allocations: 4570)


Started GET "/dogs/new" for ::1 at 2020-09-27 22:04:26 +0300
Processing by DogsController#new as HTML
  Rendering dogs/new.html.erb within layouts/application
  Rendered dogs/new.html.erb within layouts/application (Duration: 1.9ms | Allocations: 1069)
[Webpacker] Everything's up-to-date. Nothing to do
Completed 200 OK in 11ms (Views: 9.8ms | ActiveRecord: 0.0ms | Allocations: 5898)


Started GET "/dogs/new" for ::1 at 2020-09-27 22:04:28 +0300
Processing by DogsController#new as HTML
  Rendering dogs/new.html.erb within layouts/application
  Rendered dogs/new.html.erb within layouts/application (Duration: 0.8ms | Allocations: 594)
[Webpacker] Everything's up-to-date. Nothing to do
Completed 200 OK in 8ms (Views: 7.6ms | ActiveRecord: 0.0ms | Allocations: 4495)


Started GET "/dogs/new" for ::1 at 2020-09-27 22:04:29 +0300
Processing by DogsController#new as HTML
  Rendering dogs/new.html.erb within layouts/application
  Rendered dogs/new.html.erb within layouts/application (Duration: 0.6ms | Allocations: 593)
[Webpacker] Everything's up-to-date. Nothing to do
Completed 200 OK in 7ms (Views: 6.0ms | ActiveRecord: 0.0ms | Allocations: 4495)


Started GET "/dogs/new" for ::1 at 2020-09-27 22:05:04 +0300
Processing by DogsController#new as HTML
  Rendering dogs/new.html.erb within layouts/application
  Rendered dogs/new.html.erb within layouts/application (Duration: 1.5ms | Allocations: 1066)
[Webpacker] Everything's up-to-date. Nothing to do
Completed 200 OK in 10ms (Views: 9.2ms | ActiveRecord: 0.0ms | Allocations: 5891)


Started GET "/dogs/new" for ::1 at 2020-09-27 22:05:07 +0300
Processing by DogsController#new as HTML
  Rendering dogs/new.html.erb within layouts/application
  Rendered dogs/new.html.erb within layouts/application (Duration: 0.6ms | Allocations: 594)
[Webpacker] Everything's up-to-date. Nothing to do
Completed 200 OK in 7ms (Views: 5.9ms | ActiveRecord: 0.0ms | Allocations: 4501)


Started GET "/dogs/new" for ::1 at 2020-09-27 22:05:07 +0300
Processing by DogsController#new as HTML
  Rendering dogs/new.html.erb within layouts/application
  Rendered dogs/new.html.erb within layouts/application (Duration: 0.6ms | Allocations: 593)
[Webpacker] Everything's up-to-date. Nothing to do
Completed 200 OK in 6ms (Views: 5.7ms | ActiveRecord: 0.0ms | Allocations: 4497)


Started GET "/dogs/new" for ::1 at 2020-09-27 22:05:53 +0300
Processing by DogsController#new as HTML
  Rendering dogs/new.html.erb within layouts/application
  Rendered dogs/new.html.erb within layouts/application (Duration: 0.6ms | Allocations: 593)
[Webpacker] Everything's up-to-date. Nothing to do
Completed 200 OK in 6ms (Views: 5.8ms | ActiveRecord: 0.0ms | Allocations: 4505)


Started GET "/dogs/new" for ::1 at 2020-09-27 22:06:10 +0300
Processing by DogsController#new as HTML
  Rendering dogs/new.html.erb within layouts/application
  Rendered dogs/new.html.erb within layouts/application (Duration: 1.6ms | Allocations: 1069)
[Webpacker] Everything's up-to-date. Nothing to do
Completed 200 OK in 10ms (Views: 8.8ms | ActiveRecord: 0.0ms | Allocations: 5897)


Started GET "/dogs/new" for ::1 at 2020-09-27 22:06:18 +0300
Processing by DogsController#new as HTML
  Rendering dogs/new.html.erb within layouts/application
  Rendered dogs/new.html.erb within layouts/application (Duration: 1.5ms | Allocations: 1064)
[Webpacker] Everything's up-to-date. Nothing to do
Completed 200 OK in 10ms (Views: 8.6ms | ActiveRecord: 0.0ms | Allocations: 5892)


Started GET "/dogs/new" for ::1 at 2020-09-29 00:22:46 +0300
Processing by DogsController#new as HTML
  Rendering dogs/new.html.erb within layouts/application
  Rendered dogs/new.html.erb within layouts/application (Duration: 6.1ms | Allocations: 1069)
[Webpacker] Everything's up-to-date. Nothing to do
Completed 200 OK in 76ms (Views: 69.8ms | ActiveRecord: 0.0ms | Allocations: 19980)


